<?xml version="1.0" encoding="UTF-8" ?>
<testsuite failures="0" time="0.748" errors="0" skipped="0" tests="7" name="com.dinesh.share.market.period.update.PeriodicNSEDataFetcherTest">
  <properties>
[...]
</properties>
  <testcase time="0.585" classname="com.dinesh.share.market.period.update.PeriodicNSEDataFetcherTest" name="testFetchPeriodicDataForDataUpdaterExceptionCausedByFailingHttpStatusCodeException"/>
  <testcase time="0.047" classname="com.dinesh.share.market.period.update.PeriodicNSEDataFetcherTest" name="testFetchPeriodicData"/>
  <testcase time="0.006" classname="com.dinesh.share.market.period.update.PeriodicNSEDataFetcherTest" name="testFetchPeriodicDataForDataUpdaterExceptionCausedByIOExceptionWhileSubmitForm"/>
  <testcase time="0.041" classname="com.dinesh.share.market.period.update.PeriodicNSEDataFetcherTest" name="testFetchPeriodicDataForDataUpdaterExceptionCausedByIOExceptionWhileWritingIntoFile"/>
  <testcase time="0.005" classname="com.dinesh.share.market.period.update.PeriodicNSEDataFetcherTest" name="testFetchPeriodicDataForDataUpdaterExceptionCausedByIOException"/>
  <testcase time="0.041" classname="com.dinesh.share.market.period.update.PeriodicNSEDataFetcherTest" name="testFetchPeriodicDataForNoCsvContentDiv"/>
  <testcase time="0.023" classname="com.dinesh.share.market.period.update.PeriodicNSEDataFetcherTest" name="testFetchPeriodicDataForNoResponseUnderCsvContentDiv"/>
</testsuite>